<?xml version="1.0" encoding="UTF-8"?>
<!-- Generated by org.testng.reporters.JUnitXMLReporter -->
<testsuite ignored="0" hostname="MacBook-Air-2.local" failures="0" tests="3" name="Default test" time="0.09" errors="0" timestamp="2025-07-07T23:31:00 JST">
  <testcase classname="com.neotech.review01.DataDrivenTest" name="loginTest" time="0.013"/>
  <testcase classname="com.neotech.review01.DataDrivenTest" name="loginTest" time="0.003"/>
  <testcase classname="com.neotech.review01.DataDrivenTest" name="loginTest" time="0.003"/>
</testsuite> <!-- Default test -->
