<?xml version="1.0" encoding="UTF-8"?>
<!-- Generated by org.testng.reporters.JUnitXMLReporter -->
<testsuite ignored="1" hostname="MacBook-Air-2.local" failures="0" tests="3" name="Test" time="0.033" errors="0" timestamp="2025-07-06T19:28:39 JST">
  <testcase classname="com.neotech.review01.TestParameters" name="MethodA" time="0.005"/>
  <testcase classname="com.neotech.review01.DemoAnnotation" name="test1" time="0.001"/>
  <testcase classname="com.neotech.review01.DemoAnnotation" name="test2" time="0.001"/>
  <testcase classname="com.neotech.review01.TestParameters" name="MethodB" time="0.0">
    <ignored/>
  </testcase> <!-- MethodB -->
</testsuite> <!-- Test -->
