<?xml version="1.0" encoding="UTF-8"?>
<!-- Generated by org.testng.reporters.JUnitXMLReporter -->
<testsuite ignored="0" hostname="MacBook-Air-2.local" failures="0" tests="5" name="Test" time="0.041" errors="0" timestamp="2025-07-31T03:51:09 JST">
  <testcase classname="com.neotech.lesson01.TestNGMoreAnnotations" name="testOne" time="0.004"/>
  <testcase classname="com.neotech.lesson01.TestNGMoreAnnotations" name="testTwo" time="0.001"/>
  <testcase classname="com.neotech.lesson01.TestNGAnnotations" name="test1" time="0.001"/>
  <testcase classname="com.neotech.lesson01.TestNGAnnotations" name="test2" time="0.001"/>
  <testcase classname="com.neotech.lesson01.TestNGAnnotations" name="test3" time="0.001"/>
</testsuite> <!-- Test -->
