<?xml version="1.0" encoding="UTF-8"?>
<!-- Generated by org.testng.reporters.JUnitXMLReporter -->
<testsuite ignored="9" hostname="MacBook-Air-2.local" failures="0" tests="1" name="Smoke Test" time="0.034" errors="0" timestamp="2025-07-07T01:05:57 JST">
  <testcase classname="com.neotech.review01.GroupsDemo" name="smokeTest" time="0.004"/>
  <testcase classname="com.neotech.review01.GroupsDemo" name="regressionTest" time="0.0">
    <ignored/>
  </testcase> <!-- regressionTest -->
  <testcase classname="com.neotech.review01.DemoAnnotation" name="test1" time="0.0">
    <ignored/>
  </testcase> <!-- test1 -->
  <testcase classname="com.neotech.review01.TestParameters" name="MethodA" time="0.0">
    <ignored/>
  </testcase> <!-- MethodA -->
  <testcase classname="com.neotech.review01.DependsOnMethod" name="secondTest" time="0.0">
    <ignored/>
  </testcase> <!-- secondTest -->
  <testcase classname="com.neotech.review01.DependsOnMethod" name="firstTest" time="0.0">
    <ignored/>
  </testcase> <!-- firstTest -->
  <testcase classname="com.neotech.review01.SoftAndHardAssert" name="testHardAssert" time="0.0">
    <ignored/>
  </testcase> <!-- testHardAssert -->
  <testcase classname="com.neotech.review01.TestParameters" name="MethodB" time="0.0">
    <ignored/>
  </testcase> <!-- MethodB -->
  <testcase classname="com.neotech.review01.SoftAndHardAssert" name="testSoftAssert" time="0.0">
    <ignored/>
  </testcase> <!-- testSoftAssert -->
  <testcase classname="com.neotech.review01.DemoAnnotation" name="test2" time="0.0">
    <ignored/>
  </testcase> <!-- test2 -->
</testsuite> <!-- Smoke Test -->
