<?xml version="1.0" encoding="UTF-8"?>
<testng-results ignored="0" total="3" passed="3" failed="0" skipped="0">
  <reporter-output>
  </reporter-output>
  <suite started-at="2025-07-07T23:31:00 JST" name="Default suite" finished-at="2025-07-07T23:31:00 JST" duration-ms="90">
    <groups>
    </groups>
    <test started-at="2025-07-07T23:31:00 JST" name="Default test" finished-at="2025-07-07T23:31:00 JST" duration-ms="90">
      <class name="com.neotech.review01.DataDrivenTest">
        <test-method is-config="true" signature="beforeMethod()[pri:0, instance:com.neotech.review01.DataDrivenTest@5bda8e08]" started-at="2025-07-07T23:31:00 JST" name="beforeMethod" finished-at="2025-07-07T23:31:00 JST" duration-ms="8" status="PASS">
          <reporter-output>
          </reporter-output>
        </test-method> <!-- beforeMethod -->
        <test-method signature="loginTest(java.lang.String,java.lang.String,java.lang.String)[pri:0, instance:com.neotech.review01.DataDrivenTest@5bda8e08]" started-at="2025-07-07T23:31:00 JST" name="loginTest" data-provider="data1" finished-at="2025-07-07T23:31:00 JST" duration-ms="13" status="PASS">
          <params>
            <param index="0">
              <value>
                <![CDATA[John]]>
              </value>
            </param>
            <param index="1">
              <value>
                <![CDATA[TechCorp]]>
              </value>
            </param>
            <param index="2">
              <value>
                <![CDATA[Developer]]>
              </value>
            </param>
          </params>
          <reporter-output>
          </reporter-output>
        </test-method> <!-- loginTest -->
        <test-method is-config="true" signature="beforeMethod()[pri:0, instance:com.neotech.review01.DataDrivenTest@5bda8e08]" started-at="2025-07-07T23:31:00 JST" name="beforeMethod" finished-at="2025-07-07T23:31:00 JST" duration-ms="1" status="PASS">
          <reporter-output>
          </reporter-output>
        </test-method> <!-- beforeMethod -->
        <test-method signature="loginTest(java.lang.String,java.lang.String,java.lang.String)[pri:0, instance:com.neotech.review01.DataDrivenTest@5bda8e08]" started-at="2025-07-07T23:31:00 JST" name="loginTest" data-provider="data1" finished-at="2025-07-07T23:31:00 JST" duration-ms="3" status="PASS">
          <params>
            <param index="0">
              <value>
                <![CDATA[Jane]]>
              </value>
            </param>
            <param index="1">
              <value>
                <![CDATA[BizInc]]>
              </value>
            </param>
            <param index="2">
              <value>
                <![CDATA[Manager]]>
              </value>
            </param>
          </params>
          <reporter-output>
          </reporter-output>
        </test-method> <!-- loginTest -->
        <test-method is-config="true" signature="beforeMethod()[pri:0, instance:com.neotech.review01.DataDrivenTest@5bda8e08]" started-at="2025-07-07T23:31:00 JST" name="beforeMethod" finished-at="2025-07-07T23:31:00 JST" duration-ms="1" status="PASS">
          <reporter-output>
          </reporter-output>
        </test-method> <!-- beforeMethod -->
        <test-method signature="loginTest(java.lang.String,java.lang.String,java.lang.String)[pri:0, instance:com.neotech.review01.DataDrivenTest@5bda8e08]" started-at="2025-07-07T23:31:00 JST" name="loginTest" data-provider="data1" finished-at="2025-07-07T23:31:00 JST" duration-ms="3" status="PASS">
          <params>
            <param index="0">
              <value>
                <![CDATA[Mike]]>
              </value>
            </param>
            <param index="1">
              <value>
                <![CDATA[WebSolutions]]>
              </value>
            </param>
            <param index="2">
              <value>
                <![CDATA[Designer]]>
              </value>
            </param>
          </params>
          <reporter-output>
          </reporter-output>
        </test-method> <!-- loginTest -->
      </class> <!-- com.neotech.review01.DataDrivenTest -->
    </test> <!-- Default test -->
  </suite> <!-- Default suite -->
</testng-results>
