<?xml version="1.0" encoding="UTF-8"?>
<testng-results ignored="0" total="5" passed="5" failed="0" skipped="0">
  <reporter-output>
  </reporter-output>
  <suite started-at="2025-07-31T03:51:09 JST" name="Suite" finished-at="2025-07-31T03:51:09 JST" duration-ms="41">
    <groups>
    </groups>
    <test started-at="2025-07-31T03:51:09 JST" name="Test" finished-at="2025-07-31T03:51:09 JST" duration-ms="41">
      <class name="com.neotech.lesson01.TestNGMoreAnnotations">
        <test-method is-config="true" signature="beforeTest()[pri:0, instance:com.neotech.lesson01.TestNGMoreAnnotations@305b7c14]" started-at="2025-07-31T03:51:09 JST" name="beforeTest" finished-at="2025-07-31T03:51:09 JST" duration-ms="10" status="PASS">
          <reporter-output>
          </reporter-output>
        </test-method> <!-- beforeTest -->
        <test-method is-config="true" signature="beforeClass()[pri:0, instance:com.neotech.lesson01.TestNGMoreAnnotations@305b7c14]" started-at="2025-07-31T03:51:09 JST" name="beforeClass" finished-at="2025-07-31T03:51:09 JST" duration-ms="1" status="PASS">
          <reporter-output>
          </reporter-output>
        </test-method> <!-- beforeClass -->
        <test-method is-config="true" signature="beforeMethod()[pri:0, instance:com.neotech.lesson01.TestNGMoreAnnotations@305b7c14]" started-at="2025-07-31T03:51:09 JST" name="beforeMethod" finished-at="2025-07-31T03:51:09 JST" duration-ms="0" status="PASS">
          <reporter-output>
          </reporter-output>
        </test-method> <!-- beforeMethod -->
        <test-method signature="testOne()[pri:0, instance:com.neotech.lesson01.TestNGMoreAnnotations@305b7c14]" started-at="2025-07-31T03:51:09 JST" name="testOne" finished-at="2025-07-31T03:51:09 JST" duration-ms="4" status="PASS">
          <reporter-output>
          </reporter-output>
        </test-method> <!-- testOne -->
        <test-method is-config="true" signature="afterMethod()[pri:0, instance:com.neotech.lesson01.TestNGMoreAnnotations@305b7c14]" started-at="2025-07-31T03:51:09 JST" name="afterMethod" finished-at="2025-07-31T03:51:09 JST" duration-ms="0" status="PASS">
          <reporter-output>
          </reporter-output>
        </test-method> <!-- afterMethod -->
        <test-method signature="testTwo()[pri:0, instance:com.neotech.lesson01.TestNGMoreAnnotations@305b7c14]" started-at="2025-07-31T03:51:09 JST" name="testTwo" finished-at="2025-07-31T03:51:09 JST" duration-ms="1" status="PASS">
          <reporter-output>
          </reporter-output>
        </test-method> <!-- testTwo -->
        <test-method is-config="true" signature="beforeMethod()[pri:0, instance:com.neotech.lesson01.TestNGMoreAnnotations@305b7c14]" started-at="2025-07-31T03:51:09 JST" name="beforeMethod" finished-at="2025-07-31T03:51:09 JST" duration-ms="0" status="PASS">
          <reporter-output>
          </reporter-output>
        </test-method> <!-- beforeMethod -->
        <test-method is-config="true" signature="afterMethod()[pri:0, instance:com.neotech.lesson01.TestNGMoreAnnotations@305b7c14]" started-at="2025-07-31T03:51:09 JST" name="afterMethod" finished-at="2025-07-31T03:51:09 JST" duration-ms="0" status="PASS">
          <reporter-output>
          </reporter-output>
        </test-method> <!-- afterMethod -->
        <test-method is-config="true" signature="afterClass()[pri:0, instance:com.neotech.lesson01.TestNGMoreAnnotations@305b7c14]" started-at="2025-07-31T03:51:09 JST" name="afterClass" finished-at="2025-07-31T03:51:09 JST" duration-ms="0" status="PASS">
          <reporter-output>
          </reporter-output>
        </test-method> <!-- afterClass -->
        <test-method is-config="true" signature="afterTest()[pri:0, instance:com.neotech.lesson01.TestNGMoreAnnotations@305b7c14]" started-at="2025-07-31T03:51:09 JST" name="afterTest" finished-at="2025-07-31T03:51:09 JST" duration-ms="0" status="PASS">
          <reporter-output>
          </reporter-output>
        </test-method> <!-- afterTest -->
      </class> <!-- com.neotech.lesson01.TestNGMoreAnnotations -->
      <class name="com.neotech.lesson01.TestNGAnnotations">
        <test-method signature="test1()[pri:0, instance:com.neotech.lesson01.TestNGAnnotations@7d8704ef]" started-at="2025-07-31T03:51:09 JST" name="test1" finished-at="2025-07-31T03:51:09 JST" duration-ms="1" status="PASS">
          <reporter-output>
          </reporter-output>
        </test-method> <!-- test1 -->
        <test-method is-config="true" signature="beforeMethod()[pri:0, instance:com.neotech.lesson01.TestNGAnnotations@7d8704ef]" started-at="2025-07-31T03:51:09 JST" name="beforeMethod" finished-at="2025-07-31T03:51:09 JST" duration-ms="0" status="PASS">
          <reporter-output>
          </reporter-output>
        </test-method> <!-- beforeMethod -->
        <test-method is-config="true" signature="afterMethod()[pri:0, instance:com.neotech.lesson01.TestNGAnnotations@7d8704ef]" started-at="2025-07-31T03:51:09 JST" name="afterMethod" finished-at="2025-07-31T03:51:09 JST" duration-ms="1" status="PASS">
          <reporter-output>
          </reporter-output>
        </test-method> <!-- afterMethod -->
        <test-method signature="test2()[pri:0, instance:com.neotech.lesson01.TestNGAnnotations@7d8704ef]" started-at="2025-07-31T03:51:09 JST" name="test2" finished-at="2025-07-31T03:51:09 JST" duration-ms="1" status="PASS">
          <reporter-output>
          </reporter-output>
        </test-method> <!-- test2 -->
        <test-method is-config="true" signature="beforeMethod()[pri:0, instance:com.neotech.lesson01.TestNGAnnotations@7d8704ef]" started-at="2025-07-31T03:51:09 JST" name="beforeMethod" finished-at="2025-07-31T03:51:09 JST" duration-ms="0" status="PASS">
          <reporter-output>
          </reporter-output>
        </test-method> <!-- beforeMethod -->
        <test-method is-config="true" signature="afterMethod()[pri:0, instance:com.neotech.lesson01.TestNGAnnotations@7d8704ef]" started-at="2025-07-31T03:51:09 JST" name="afterMethod" finished-at="2025-07-31T03:51:09 JST" duration-ms="1" status="PASS">
          <reporter-output>
          </reporter-output>
        </test-method> <!-- afterMethod -->
        <test-method signature="test3()[pri:0, instance:com.neotech.lesson01.TestNGAnnotations@7d8704ef]" started-at="2025-07-31T03:51:09 JST" name="test3" finished-at="2025-07-31T03:51:09 JST" duration-ms="1" status="PASS">
          <reporter-output>
          </reporter-output>
        </test-method> <!-- test3 -->
        <test-method is-config="true" signature="beforeMethod()[pri:0, instance:com.neotech.lesson01.TestNGAnnotations@7d8704ef]" started-at="2025-07-31T03:51:09 JST" name="beforeMethod" finished-at="2025-07-31T03:51:09 JST" duration-ms="0" status="PASS">
          <reporter-output>
          </reporter-output>
        </test-method> <!-- beforeMethod -->
        <test-method is-config="true" signature="afterMethod()[pri:0, instance:com.neotech.lesson01.TestNGAnnotations@7d8704ef]" started-at="2025-07-31T03:51:09 JST" name="afterMethod" finished-at="2025-07-31T03:51:09 JST" duration-ms="0" status="PASS">
          <reporter-output>
          </reporter-output>
        </test-method> <!-- afterMethod -->
      </class> <!-- com.neotech.lesson01.TestNGAnnotations -->
    </test> <!-- Test -->
  </suite> <!-- Suite -->
</testng-results>
