<?xml version="1.0" encoding="UTF-8"?>
<!-- Generated by org.testng.reporters.JUnitReportReporter -->
<testsuite hostname="MacBook-Air-2.local" failures="0" tests="2" name="com.neotech.lesson02.Homework1" time="90.985" errors="0" timestamp="2025-08-01T05:57:26 JST" skipped="0">
  <testcase classname="com.neotech.lesson02.Homework1" name="loginValidation" time="63.680"/>
  <testcase classname="com.neotech.lesson02.Homework1" name="negativeLoginTest" time="27.305"/>
</testsuite> <!-- com.neotech.lesson02.Homework1 -->
