<?xml version="1.0" encoding="UTF-8"?>
<!-- Generated by org.testng.reporters.JUnitReportReporter -->
<testsuite hostname="MacBook-Air-2.local" failures="0" tests="3" name="com.neotech.lesson01.TestNGAnnotations" time="0.005" errors="0" timestamp="2025-07-31T03:51:09 JST" skipped="0">
  <testcase classname="com.neotech.lesson01.TestNGAnnotations" name="test1" time="0.001"/>
  <testcase classname="com.neotech.lesson01.TestNGAnnotations" name="test2" time="0.002"/>
  <testcase classname="com.neotech.lesson01.TestNGAnnotations" name="test3" time="0.002"/>
</testsuite> <!-- com.neotech.lesson01.TestNGAnnotations -->
