<?xml version="1.0" encoding="UTF-8"?>
<!-- Generated by org.testng.reporters.JUnitReportReporter -->
<testsuite hostname="MacBook-Air-2.local" failures="0" tests="2" name="com.neotech.review01.TestParameters" time="0.001" errors="0" timestamp="2025-07-06T21:49:07 JST" skipped="1">
  <testcase classname="com.neotech.review01.TestParameters" name="MethodA" time="0.001"/>
  <testcase classname="com.neotech.review01.TestParameters" name="MethodB">
    <skipped/>
  </testcase> <!-- MethodB -->
</testsuite> <!-- com.neotech.review01.TestParameters -->
