<?xml version="1.0" encoding="UTF-8"?>
<!-- Generated by org.testng.reporters.JUnitReportReporter -->
<testsuite hostname="MacBook-Air-2.local" failures="0" tests="2" name="com.neotech.lesson01.TestNGMoreAnnotations" time="0.005" errors="0" timestamp="2025-07-31T03:51:09 JST" skipped="0">
  <testcase classname="com.neotech.lesson01.TestNGMoreAnnotations" name="testOne" time="0.004"/>
  <testcase classname="com.neotech.lesson01.TestNGMoreAnnotations" name="testTwo" time="0.001"/>
</testsuite> <!-- com.neotech.lesson01.TestNGMoreAnnotations -->
