<?xml version="1.0" encoding="UTF-8"?>
<!-- Generated by org.testng.reporters.JUnitReportReporter -->
<testsuite hostname="MacBook-Air-2.local" failures="0" tests="3" name="com.neotech.review01.DataDrivenTest" time="0.029" errors="0" timestamp="2025-07-07T23:31:01 JST" skipped="0">
  <testcase classname="com.neotech.review01.DataDrivenTest" name="loginTest" time="0.014"/>
  <testcase classname="com.neotech.review01.DataDrivenTest" name="loginTest" time="0.004"/>
  <testcase classname="com.neotech.review01.DataDrivenTest" name="loginTest" time="0.011"/>
</testsuite> <!-- com.neotech.review01.DataDrivenTest -->
