<?xml version="1.0" encoding="UTF-8"?>
<!-- Generated by org.testng.reporters.JUnitReportReporter -->
<testsuite hostname="MacBook-Air-2.local" failures="0" tests="2" name="com.neotech.review01.DemoAnnotation" time="0.003" errors="0" timestamp="2025-07-06T19:28:39 JST" skipped="0">
  <testcase classname="com.neotech.review01.DemoAnnotation" name="test1" time="0.002"/>
  <testcase classname="com.neotech.review01.DemoAnnotation" name="test2" time="0.001"/>
</testsuite> <!-- com.neotech.review01.DemoAnnotation -->
